checkExpression[in]: checkMode:CheckMode: Normal, node:[n19] true, [78,83], TrueKeyword, forceTuple:undefined
  checkExpression: uninstantiatedType: [t20] true
  checkExpression: type: [t20] true
checkExpression[out]: return: [t20] true
checkExpression[in]: checkMode:CheckMode: Normal, node:[n21] false, [85,91], FalseKeyword, forceTuple:undefined
  checkExpression: uninstantiatedType: [t18] false
  checkExpression: type: [t18] false
checkExpression[out]: return: [t18] false
checkExpression[in]: checkMode:CheckMode: Normal, node:[n24] true, [110,115], TrueKeyword, forceTuple:undefined
  checkExpression: uninstantiatedType: [t20] true
  checkExpression: type: [t20] true
checkExpression[out]: return: [t20] true
checkExpression[in]: checkMode:CheckMode: Normal, node:[n26] false, [117,123], FalseKeyword, forceTuple:undefined
  checkExpression: uninstantiatedType: [t18] false
  checkExpression: type: [t18] false
checkExpression[out]: return: [t18] false
checkExpression[in]: checkMode:CheckMode: Normal, node:[n27] b1 && b2, [129,137], BinaryExpression, forceTuple:undefined
  checkExpression[in]: checkMode:CheckMode: Normal, node:[n13] b1, [129,131], Identifier, forceTuple:undefined
    getTypeByMrNarrow[in] expr: [n13] b1, [129,131], Identifier
      getTypeByMrNarrowAux[dbg]: reference: [n13] b1, [129,131], Identifier, does not have flowGroup
