checkExpressionCached[in]: node:[n249] new C<any>(), [76,89], NewExpression, checkMode:CheckMode: Normal)
  checkExpression[in]: checkMode:CheckMode: Normal, node:[n249] new C<any>(), [76,89], NewExpression, forceTuple:undefined
    checkCallExpression[in]:[n249] new C<any>(), [76,89], NewExpression, checkMode:CheckMode: Normal
      checkExpression[in]: checkMode:CheckMode: Normal, node:[n250] C, [80,82], Identifier, forceTuple:undefined
        checkExpression: uninstantiatedType: [t89] typeof C
        checkExpression: type: [t89] typeof C
      checkExpression[out]: return: [t89] typeof C
      chooseOverload()[in]:
        candidate[0]: [sg:5] () => [t86] C<T>
        chooseOverload()[returns]: [sg:6] () => <no resolved type>
      chooseOverload()[out]: returns [sg:6] () => <no resolved type>
    checkCallExpression[out]: returns :[t90] C<any>
    checkExpression: uninstantiatedType: [t90] C<any>
    checkExpression: type: [t90] C<any>
  checkExpression[out]: return: [t90] C<any>
checkExpressionCached[out]: [t90] C<any>
checkExpressionCached[in]: node:[n249] new C<any>(), [76,89], NewExpression, checkMode:CheckMode: Normal)
  checkExpressionCached: cache hit: [t90] C<any>
checkExpressionCached[out]: [t90] C<any>
checkExpressionCached[in]: node:[n251] C.prototype, [132,144], PropertyAccessExpression, checkMode:CheckMode: Normal)
  checkExpression[in]: checkMode:CheckMode: Normal, node:[n251] C.prototype, [132,144], PropertyAccessExpression, forceTuple:undefined
    checkExpression[in]: checkMode:CheckMode: Normal, node:[n252] C, [132,134], Identifier, forceTuple:undefined
      checkExpression: uninstantiatedType: [t89] typeof C
      checkExpression: type: [t89] typeof C
    checkExpression[out]: return: [t89] typeof C
    checkExpression: uninstantiatedType: [t90] C<any>
    checkExpression: type: [t90] C<any>
  checkExpression[out]: return: [t90] C<any>
checkExpressionCached[out]: [t90] C<any>
checkExpressionCached[in]: node:[n251] C.prototype, [132,144], PropertyAccessExpression, checkMode:CheckMode: Normal)
  checkExpressionCached: cache hit: [t90] C<any>
checkExpressionCached[out]: [t90] C<any>
