checkExpression[in]: checkMode:CheckMode: TypeOnly, node:[n249] new C<any>(), [76,89], NewExpression, forceTuple:undefined
  checkCallExpression[in]:[n249] new C<any>(), [76,89], NewExpression, checkMode:CheckMode: TypeOnly
  checkCallExpression[out]: returns :[t90] C<any>
  checkExpression: uninstantiatedType: [t90] C<any>
  checkExpression: type: [t90] C<any>
checkExpression[out]: return: [t90] C<any>
checkExpression[in]: checkMode:CheckMode: TypeOnly, node:[n250] C, [80,82], Identifier, forceTuple:undefined
  checkExpression: uninstantiatedType: [t89] typeof C
  checkExpression: type: [t89] typeof C
checkExpression[out]: return: [t89] typeof C
checkExpression[in]: checkMode:CheckMode: TypeOnly, node:[n251] C.prototype, [132,144], PropertyAccessExpression, forceTuple:undefined
  checkExpression[in]: checkMode:CheckMode: Normal, node:[n252] C, [132,134], Identifier, forceTuple:undefined
    checkExpression: uninstantiatedType: [t89] typeof C
    checkExpression: type: [t89] typeof C
  checkExpression[out]: return: [t89] typeof C
  checkExpression: uninstantiatedType: [t90] C<any>
  checkExpression: type: [t90] C<any>
checkExpression[out]: return: [t90] C<any>
checkExpression[in]: checkMode:CheckMode: TypeOnly, node:[n252] C, [132,134], Identifier, forceTuple:undefined
  checkExpression: uninstantiatedType: [t89] typeof C
  checkExpression: type: [t89] typeof C
checkExpression[out]: return: [t89] typeof C
