checkExpression[in]: checkMode:CheckMode: TypeOnly, node:[n29] new ArrayBuffer(0), [105,124], NewExpression, forceTuple:undefined
  checkCallExpression[in]:[n29] new ArrayBuffer(0), [105,124], NewExpression, checkMode:CheckMode: TypeOnly
  checkCallExpression[out]: returns :[t105] instanceof ArrayBuffer
  checkExpression: uninstantiatedType: [t105] instanceof ArrayBuffer
  checkExpression: type: [t105] instanceof ArrayBuffer
checkExpression[out]: return: [t105] instanceof ArrayBuffer
checkExpression[in]: checkMode:CheckMode: TypeOnly, node:[n30] ArrayBuffer, [109,121], Identifier, forceTuple:undefined
  checkExpression: uninstantiatedType: [t85] ArrayBufferConstructor
  checkExpression: type: [t85] ArrayBufferConstructor
checkExpression[out]: return: [t85] ArrayBufferConstructor
checkExpression[in]: checkMode:CheckMode: Normal, node:[n31] 0, [122,123], NumericLiteral, forceTuple:undefined
  checkExpression: uninstantiatedType: [t88] 0
  checkExpression: type: [t88] 0
checkExpression[out]: return: [t88] 0
checkExpression[in]: checkMode:CheckMode: TypeOnly, node:[n33] a, [125,174], Identifier, forceTuple:undefined
  checkExpression: uninstantiatedType: [t87] instanceof ArrayBuffer | undefined
  checkExpression: type: [t87] instanceof ArrayBuffer | undefined
checkExpression[out]: return: [t87] instanceof ArrayBuffer | undefined
checkExpression[in]: checkMode:CheckMode: TypeOnly, node:[n34] b, [175,176], Identifier, forceTuple:undefined
  checkExpression: uninstantiatedType: [t90] instanceof ArrayBuffer
  checkExpression: type: [t90] instanceof ArrayBuffer
checkExpression[out]: return: [t90] instanceof ArrayBuffer
checkExpression[in]: checkMode:CheckMode: TypeOnly, node:[n35] a = b, [177,187], BinaryExpression, forceTuple:undefined
  checkExpression[in]: checkMode:CheckMode: TypeOnly, node:[n36] a, [177,183], Identifier, forceTuple:undefined
    checkExpression: uninstantiatedType: [t87] instanceof ArrayBuffer | undefined
    checkExpression: type: [t87] instanceof ArrayBuffer | undefined
  checkExpression[out]: return: [t87] instanceof ArrayBuffer | undefined
  checkExpression[in]: checkMode:CheckMode: TypeOnly, node:[n37] b, [185,187], Identifier, forceTuple:undefined
    checkExpression: uninstantiatedType: [t90] instanceof ArrayBuffer
    checkExpression: type: [t90] instanceof ArrayBuffer
  checkExpression[out]: return: [t90] instanceof ArrayBuffer
  checkExpression: uninstantiatedType: [t90] instanceof ArrayBuffer
  checkExpression: type: [t90] instanceof ArrayBuffer
checkExpression[out]: return: [t90] instanceof ArrayBuffer
checkExpression[in]: checkMode:CheckMode: TypeOnly, node:[n36] a, [177,183], Identifier, forceTuple:undefined
  checkExpression: uninstantiatedType: [t87] instanceof ArrayBuffer | undefined
  checkExpression: type: [t87] instanceof ArrayBuffer | undefined
checkExpression[out]: return: [t87] instanceof ArrayBuffer | undefined
checkExpression[in]: checkMode:CheckMode: TypeOnly, node:[n37] b, [185,187], Identifier, forceTuple:undefined
  checkExpression: uninstantiatedType: [t90] instanceof ArrayBuffer
  checkExpression: type: [t90] instanceof ArrayBuffer
checkExpression[out]: return: [t90] instanceof ArrayBuffer
checkExpression[in]: checkMode:CheckMode: TypeOnly, node:[n40] new ArrayBuffer(0), [261,280], NewExpression, forceTuple:undefined
  checkCallExpression[in]:[n40] new ArrayBuffer(0), [261,280], NewExpression, checkMode:CheckMode: TypeOnly
  checkCallExpression[out]: returns :[t107] instanceof ArrayBuffer
  checkExpression: uninstantiatedType: [t107] instanceof ArrayBuffer
  checkExpression: type: [t107] instanceof ArrayBuffer
checkExpression[out]: return: [t107] instanceof ArrayBuffer
checkExpression[in]: checkMode:CheckMode: TypeOnly, node:[n41] ArrayBuffer, [265,277], Identifier, forceTuple:undefined
  checkExpression: uninstantiatedType: [t85] ArrayBufferConstructor
  checkExpression: type: [t85] ArrayBufferConstructor
checkExpression[out]: return: [t85] ArrayBufferConstructor
checkExpression[in]: checkMode:CheckMode: Normal, node:[n42] 0, [278,279], NumericLiteral, forceTuple:undefined
  checkExpression: uninstantiatedType: [t88] 0
  checkExpression: type: [t88] 0
checkExpression[out]: return: [t88] 0
checkExpression[in]: checkMode:CheckMode: TypeOnly, node:[n43] a, [281,330], Identifier, forceTuple:undefined
  checkExpression: uninstantiatedType: [t92] ArrayBuffer | undefined
  checkExpression: type: [t92] ArrayBuffer | undefined
checkExpression[out]: return: [t92] ArrayBuffer | undefined
checkExpression[in]: checkMode:CheckMode: TypeOnly, node:[n44] b, [331,332], Identifier, forceTuple:undefined
  checkExpression: uninstantiatedType: [t93] instanceof ArrayBuffer
  checkExpression: type: [t93] instanceof ArrayBuffer
checkExpression[out]: return: [t93] instanceof ArrayBuffer
checkExpression[in]: checkMode:CheckMode: TypeOnly, node:[n45] a = b, [333,343], BinaryExpression, forceTuple:undefined
  checkExpression[in]: checkMode:CheckMode: TypeOnly, node:[n46] a, [333,339], Identifier, forceTuple:undefined
    checkExpression: uninstantiatedType: [t92] ArrayBuffer | undefined
    checkExpression: type: [t92] ArrayBuffer | undefined
  checkExpression[out]: return: [t92] ArrayBuffer | undefined
  checkExpression[in]: checkMode:CheckMode: TypeOnly, node:[n47] b, [341,343], Identifier, forceTuple:undefined
    checkExpression: uninstantiatedType: [t93] instanceof ArrayBuffer
    checkExpression: type: [t93] instanceof ArrayBuffer
  checkExpression[out]: return: [t93] instanceof ArrayBuffer
  checkExpression: uninstantiatedType: [t93] instanceof ArrayBuffer
  checkExpression: type: [t93] instanceof ArrayBuffer
checkExpression[out]: return: [t93] instanceof ArrayBuffer
checkExpression[in]: checkMode:CheckMode: TypeOnly, node:[n46] a, [333,339], Identifier, forceTuple:undefined
  checkExpression: uninstantiatedType: [t92] ArrayBuffer | undefined
  checkExpression: type: [t92] ArrayBuffer | undefined
checkExpression[out]: return: [t92] ArrayBuffer | undefined
checkExpression[in]: checkMode:CheckMode: TypeOnly, node:[n47] b, [341,343], Identifier, forceTuple:undefined
  checkExpression: uninstantiatedType: [t93] instanceof ArrayBuffer
  checkExpression: type: [t93] instanceof ArrayBuffer
checkExpression[out]: return: [t93] instanceof ArrayBuffer
checkExpression[in]: checkMode:CheckMode: TypeOnly, node:[n50] new ArrayBuffer(0), [413,432], NewExpression, forceTuple:undefined
  checkCallExpression[in]:[n50] new ArrayBuffer(0), [413,432], NewExpression, checkMode:CheckMode: TypeOnly
  checkCallExpression[out]: returns :[t108] instanceof ArrayBuffer
  checkExpression: uninstantiatedType: [t108] instanceof ArrayBuffer
  checkExpression: type: [t108] instanceof ArrayBuffer
checkExpression[out]: return: [t108] instanceof ArrayBuffer
checkExpression[in]: checkMode:CheckMode: TypeOnly, node:[n51] ArrayBuffer, [417,429], Identifier, forceTuple:undefined
  checkExpression: uninstantiatedType: [t85] ArrayBufferConstructor
  checkExpression: type: [t85] ArrayBufferConstructor
checkExpression[out]: return: [t85] ArrayBufferConstructor
checkExpression[in]: checkMode:CheckMode: Normal, node:[n52] 0, [430,431], NumericLiteral, forceTuple:undefined
  checkExpression: uninstantiatedType: [t88] 0
  checkExpression: type: [t88] 0
checkExpression[out]: return: [t88] 0
checkExpression[in]: checkMode:CheckMode: TypeOnly, node:[n53] b = a, [433,486], BinaryExpression, forceTuple:undefined
  checkExpression[in]: checkMode:CheckMode: TypeOnly, node:[n54] b, [433,482], Identifier, forceTuple:undefined
    checkExpression: uninstantiatedType: [t95] instanceof ArrayBuffer
    checkExpression: type: [t95] instanceof ArrayBuffer
  checkExpression[out]: return: [t95] instanceof ArrayBuffer
  checkExpression[in]: checkMode:CheckMode: TypeOnly, node:[n55] a, [484,486], Identifier, forceTuple:undefined
    checkExpression: uninstantiatedType: [t89] ArrayBuffer
    checkExpression: type: [t89] ArrayBuffer
  checkExpression[out]: return: [t89] ArrayBuffer
  checkExpression: uninstantiatedType: [t89] ArrayBuffer
  checkExpression: type: [t89] ArrayBuffer
checkExpression[out]: return: [t89] ArrayBuffer
checkExpression[in]: checkMode:CheckMode: TypeOnly, node:[n54] b, [433,482], Identifier, forceTuple:undefined
  checkExpression: uninstantiatedType: [t95] instanceof ArrayBuffer
  checkExpression: type: [t95] instanceof ArrayBuffer
checkExpression[out]: return: [t95] instanceof ArrayBuffer
checkExpression[in]: checkMode:CheckMode: TypeOnly, node:[n55] a, [484,486], Identifier, forceTuple:undefined
  checkExpression: uninstantiatedType: [t89] ArrayBuffer
  checkExpression: type: [t89] ArrayBuffer
checkExpression[out]: return: [t89] ArrayBuffer
checkExpression[in]: checkMode:CheckMode: TypeOnly, node:[n58] new ArrayBuffer(0), [585,604], NewExpression, forceTuple:undefined
  checkCallExpression[in]:[n58] new ArrayBuffer(0), [585,604], NewExpression, checkMode:CheckMode: TypeOnly
  checkCallExpression[out]: returns :[t110] instanceof ArrayBuffer
  checkExpression: uninstantiatedType: [t110] instanceof ArrayBuffer
  checkExpression: type: [t110] instanceof ArrayBuffer
checkExpression[out]: return: [t110] instanceof ArrayBuffer
checkExpression[in]: checkMode:CheckMode: TypeOnly, node:[n59] ArrayBuffer, [589,601], Identifier, forceTuple:undefined
  checkExpression: uninstantiatedType: [t85] ArrayBufferConstructor
  checkExpression: type: [t85] ArrayBufferConstructor
checkExpression[out]: return: [t85] ArrayBufferConstructor
checkExpression[in]: checkMode:CheckMode: Normal, node:[n60] 0, [602,603], NumericLiteral, forceTuple:undefined
  checkExpression: uninstantiatedType: [t88] 0
  checkExpression: type: [t88] 0
checkExpression[out]: return: [t88] 0
checkExpression[in]: checkMode:CheckMode: TypeOnly, node:[n61] b = a, [605,615], BinaryExpression, forceTuple:undefined
  checkExpression[in]: checkMode:CheckMode: TypeOnly, node:[n62] b, [605,611], Identifier, forceTuple:undefined
    checkExpression: uninstantiatedType: [t89] ArrayBuffer
    checkExpression: type: [t89] ArrayBuffer
  checkExpression[out]: return: [t89] ArrayBuffer
  checkExpression[in]: checkMode:CheckMode: TypeOnly, node:[n63] a, [613,615], Identifier, forceTuple:undefined
    checkExpression: uninstantiatedType: [t89] ArrayBuffer
    checkExpression: type: [t89] ArrayBuffer
  checkExpression[out]: return: [t89] ArrayBuffer
  checkExpression: uninstantiatedType: [t89] ArrayBuffer
  checkExpression: type: [t89] ArrayBuffer
checkExpression[out]: return: [t89] ArrayBuffer
checkExpression[in]: checkMode:CheckMode: TypeOnly, node:[n62] b, [605,611], Identifier, forceTuple:undefined
  checkExpression: uninstantiatedType: [t89] ArrayBuffer
  checkExpression: type: [t89] ArrayBuffer
checkExpression[out]: return: [t89] ArrayBuffer
checkExpression[in]: checkMode:CheckMode: TypeOnly, node:[n63] a, [613,615], Identifier, forceTuple:undefined
  checkExpression: uninstantiatedType: [t89] ArrayBuffer
  checkExpression: type: [t89] ArrayBuffer
checkExpression[out]: return: [t89] ArrayBuffer
checkExpression[in]: checkMode:CheckMode: Normal, node:[n68] safeDataView, [740,757], Identifier, forceTuple:undefined
  checkExpression: uninstantiatedType: [t99] (buffer: instanceof ArrayBuffer) => DataView
  checkExpression: type: [t99] (buffer: instanceof ArrayBuffer) => DataView
checkExpression[out]: return: [t99] (buffer: instanceof ArrayBuffer) => DataView
checkExpression[in]: checkMode:CheckMode: TypeOnly, node:[n68] safeDataView, [740,757], Identifier, forceTuple:undefined
  checkExpression: uninstantiatedType: [t99] (buffer: instanceof ArrayBuffer) => DataView
  checkExpression: type: [t99] (buffer: instanceof ArrayBuffer) => DataView
checkExpression[out]: return: [t99] (buffer: instanceof ArrayBuffer) => DataView
checkExpression[in]: checkMode:CheckMode: TypeOnly, node:[n69] new ArrayBuffer(0), [758,776], NewExpression, forceTuple:undefined
  checkCallExpression[in]:[n69] new ArrayBuffer(0), [758,776], NewExpression, checkMode:CheckMode: TypeOnly
  checkCallExpression[out]: returns :[t112] instanceof ArrayBuffer
  checkExpression: uninstantiatedType: [t112] instanceof ArrayBuffer
  checkExpression: type: [t112] instanceof ArrayBuffer
checkExpression[out]: return: [t112] instanceof ArrayBuffer
checkExpression[in]: checkMode:CheckMode: TypeOnly, node:[n70] ArrayBuffer, [761,773], Identifier, forceTuple:undefined
  checkExpression: uninstantiatedType: [t85] ArrayBufferConstructor
  checkExpression: type: [t85] ArrayBufferConstructor
checkExpression[out]: return: [t85] ArrayBufferConstructor
checkExpression[in]: checkMode:CheckMode: Normal, node:[n71] 0, [774,775], NumericLiteral, forceTuple:undefined
  checkExpression: uninstantiatedType: [t88] 0
  checkExpression: type: [t88] 0
checkExpression[out]: return: [t88] 0
checkExpression[in]: checkMode:CheckMode: Normal, node:[n74] safeDataView, [832,849], Identifier, forceTuple:undefined
  checkExpression: uninstantiatedType: [t99] (buffer: instanceof ArrayBuffer) => DataView
  checkExpression: type: [t99] (buffer: instanceof ArrayBuffer) => DataView
checkExpression[out]: return: [t99] (buffer: instanceof ArrayBuffer) => DataView
checkExpression[in]: checkMode:CheckMode: TypeOnly, node:[n74] safeDataView, [832,849], Identifier, forceTuple:undefined
  checkExpression: uninstantiatedType: [t99] (buffer: instanceof ArrayBuffer) => DataView
  checkExpression: type: [t99] (buffer: instanceof ArrayBuffer) => DataView
checkExpression[out]: return: [t99] (buffer: instanceof ArrayBuffer) => DataView
checkExpression[in]: checkMode:CheckMode: TypeOnly, node:[n75] a, [850,851], Identifier, forceTuple:undefined
  checkExpression: uninstantiatedType: [t89] ArrayBuffer
  checkExpression: type: [t89] ArrayBuffer
checkExpression[out]: return: [t89] ArrayBuffer
